This file contains any messages produced by compilers while
running configure, to aid debugging if configure makes a mistake.

It was created by fish configure 2.0.GIT, which was
generated by GNU Autoconf 2.68.  Invocation command line was

  $ ./configure docdir=${datarootdir}/doc/${PACKAGE_TARNAME} --no-create --no-recursion

## --------- ##
## Platform. ##
## --------- ##

hostname = george-VirtualBox
uname -m = i686
uname -r = 3.8.0-32-generic
uname -s = Linux
uname -v = #47~precise1-Ubuntu SMP Wed Oct 2 16:22:28 UTC 2013

/usr/bin/uname -p = unknown
/bin/uname -X     = unknown

/bin/arch              = unknown
/usr/bin/arch -k       = unknown
/usr/convex/getsysinfo = unknown
/usr/bin/hostinfo      = unknown
/bin/machine           = unknown
/usr/bin/oslevel       = unknown
/bin/universe          = unknown

PATH: /usr/lib/lightdm/lightdm
PATH: /usr/local/sbin
PATH: /usr/local/bin
PATH: /usr/sbin
PATH: /usr/bin
PATH: /sbin
PATH: /bin
PATH: /usr/games


## ----------- ##
## Core tests. ##
## ----------- ##

configure:2199: checking if autoconf needs to be run
configure:2221: result: no
configure:2233: checking if autoheader needs to be run
configure:2236: result: yes
configure:2239: running autoheader
configure:2317: checking for g++
configure:2333: found /usr/bin/g++
configure:2344: result: g++
configure:2371: checking for C++ compiler version
configure:2380: g++ --version >&5
g++ (Ubuntu/Linaro 4.6.3-1ubuntu5) 4.6.3
Copyright (C) 2011 Free Software Foundation, Inc.
This is free software; see the source for copying conditions.  There is NO
warranty; not even for MERCHANTABILITY or FITNESS FOR A PARTICULAR PURPOSE.

configure:2391: $? = 0
configure:2380: g++ -v >&5
Using built-in specs.
COLLECT_GCC=g++
COLLECT_LTO_WRAPPER=/usr/lib/gcc/i686-linux-gnu/4.6/lto-wrapper
Target: i686-linux-gnu
Configured with: ../src/configure -v --with-pkgversion='Ubuntu/Linaro 4.6.3-1ubuntu5' --with-bugurl=file:///usr/share/doc/gcc-4.6/README.Bugs --enable-languages=c,c++,fortran,objc,obj-c++ --prefix=/usr --program-suffix=-4.6 --enable-shared --enable-linker-build-id --with-system-zlib --libexecdir=/usr/lib --without-included-gettext --enable-threads=posix --with-gxx-include-dir=/usr/include/c++/4.6 --libdir=/usr/lib --enable-nls --with-sysroot=/ --enable-clocale=gnu --enable-libstdcxx-debug --enable-libstdcxx-time=yes --enable-gnu-unique-object --enable-plugin --enable-objc-gc --enable-targets=all --disable-werror --with-arch-32=i686 --with-tune=generic --enable-checking=release --build=i686-linux-gnu --host=i686-linux-gnu --target=i686-linux-gnu
Thread model: posix
gcc version 4.6.3 (Ubuntu/Linaro 4.6.3-1ubuntu5) 
configure:2391: $? = 0
configure:2380: g++ -V >&5
g++: error: unrecognized option '-V'
g++: fatal error: no input files
compilation terminated.
configure:2391: $? = 4
configure:2380: g++ -qversion >&5
g++: error: unrecognized option '-qversion'
g++: fatal error: no input files
compilation terminated.
configure:2391: $? = 4
configure:2411: checking whether the C++ compiler works
configure:2433: g++    conftest.cpp  >&5
configure:2437: $? = 0
configure:2485: result: yes
configure:2488: checking for C++ compiler default output file name
configure:2490: result: a.out
configure:2496: checking for suffix of executables
configure:2503: g++ -o conftest    conftest.cpp  >&5
configure:2507: $? = 0
configure:2529: result: 
configure:2551: checking whether we are cross compiling
configure:2559: g++ -o conftest    conftest.cpp  >&5
configure:2563: $? = 0
configure:2570: ./conftest
configure:2574: $? = 0
configure:2589: result: no
configure:2594: checking for suffix of object files
configure:2616: g++ -c   conftest.cpp >&5
configure:2620: $? = 0
configure:2641: result: o
configure:2645: checking whether we are using the GNU C++ compiler
configure:2664: g++ -c   conftest.cpp >&5
configure:2664: $? = 0
configure:2673: result: yes
configure:2682: checking whether g++ accepts -g
configure:2702: g++ -c -g  conftest.cpp >&5
configure:2702: $? = 0
configure:2743: result: yes
configure:2809: checking for a BSD-compatible install
configure:2877: result: /usr/bin/install -c
configure:2909: checking for /usr/pkg/include include directory
configure:2916: result: no
configure:2920: checking for /usr/pkg/lib library directory
configure:2927: result: no
configure:2931: checking for /usr/pkg/bin command directory
configure:2938: result: no
configure:2909: checking for /sw/include include directory
configure:2916: result: no
configure:2920: checking for /sw/lib library directory
configure:2927: result: no
configure:2931: checking for /sw/bin command directory
configure:2938: result: no
configure:2909: checking for /opt/include include directory
configure:2916: result: no
configure:2920: checking for /opt/lib library directory
configure:2927: result: no
configure:2931: checking for /opt/bin command directory
configure:2938: result: no
configure:2909: checking for /opt/local/include include directory
configure:2916: result: no
configure:2920: checking for /opt/local/lib library directory
configure:2927: result: no
configure:2931: checking for /opt/local/bin command directory
configure:2938: result: no
configure:2909: checking for /usr/local/include include directory
configure:2912: result: yes
configure:2920: checking for /usr/local/lib library directory
configure:2923: result: yes
configure:2931: checking for /usr/local/bin command directory
configure:2934: result: yes
configure:2979: checking for msgfmt
configure:3009: result: no
configure:3055: checking for doxygen
configure:3085: result: no
configure:3202: checking if we are compiling against glibc
configure:3234: g++ -o conftest -g -O2 -I/usr/local/include/ -D_LARGEFILE_SOURCE=1 -D_FILE_OFFSET_BITS=64   -L/usr/local/lib/ conftest.cpp  >&5
configure:3234: $? = 0
configure:3234: ./conftest
configure:3234: $? = 0
configure:3246: result: yes
configure:3278: checking build system type
configure:3292: result: i686-pc-linux-gnu
configure:3312: checking host system type
configure:3325: result: i686-pc-linux-gnu
configure:3345: checking target system type
configure:3358: result: i686-pc-linux-gnu
configure:3396: checking if we are under Solaris
configure:3407: result: no
configure:3413: checking if we are using non varargs tparm.
configure:3434: g++ -c -g -O2 -I/usr/local/include/ -D_LARGEFILE_SOURCE=1 -D_FILE_OFFSET_BITS=64 -D_GNU_SOURCE=1 -D_ISO99_SOURCE=1  conftest.cpp >&5
configure:3434: $? = 0
configure:3448: result: no
configure:3457: checking if we are under BSD
configure:3471: result: no
configure:3516: checking for /proc/self/stat
configure:3529: result: yes
configure:3561: checking for library containing connect
configure:3592: g++ -o conftest -g -O2 -I/usr/local/include/ -D_LARGEFILE_SOURCE=1 -D_FILE_OFFSET_BITS=64 -D_GNU_SOURCE=1 -D_ISO99_SOURCE=1   -L/usr/local/lib/ conftest.cpp  >&5
configure:3592: $? = 0
configure:3609: result: none required
configure:3619: checking for library containing nanosleep
configure:3650: g++ -o conftest -g -O2 -I/usr/local/include/ -D_LARGEFILE_SOURCE=1 -D_FILE_OFFSET_BITS=64 -D_GNU_SOURCE=1 -D_ISO99_SOURCE=1   -L/usr/local/lib/ conftest.cpp  >&5
configure:3650: $? = 0
configure:3667: result: none required
configure:3677: checking for library containing pthread_create
configure:3708: g++ -o conftest -g -O2 -I/usr/local/include/ -D_LARGEFILE_SOURCE=1 -D_FILE_OFFSET_BITS=64 -D_GNU_SOURCE=1 -D_ISO99_SOURCE=1   -L/usr/local/lib/ conftest.cpp  >&5
/tmp/ccmwoQNp.o: In function `main':
/home/george/squad6/Squad604/codeBase/fish-shell-master/conftest.cpp:22: undefined reference to `pthread_create'
collect2: ld returned 1 exit status
configure:3708: $? = 1
configure: failed program was:
| /* confdefs.h */
| #define PACKAGE_NAME "fish"
| #define PACKAGE_TARNAME "fish"
| #define PACKAGE_VERSION "2.0.GIT"
| #define PACKAGE_STRING "fish 2.0.GIT"
| #define PACKAGE_BUGREPORT "fish-users@lists.sf.net"
| #define PACKAGE_URL ""
| #define HAVE__PROC_SELF_STAT 1
| #define HAVE_TRANSLATE_H 1
| /* end confdefs.h.  */
| 
| /* Override any GCC internal prototype to avoid an error.
|    Use char because int might match the return type of a GCC
|    builtin and then its argument prototype would still apply.  */
| #ifdef __cplusplus
| extern "C"
| #endif
| char pthread_create ();
| int
| main ()
| {
| return pthread_create ();
|   ;
|   return 0;
| }
configure:3708: g++ -o conftest -g -O2 -I/usr/local/include/ -D_LARGEFILE_SOURCE=1 -D_FILE_OFFSET_BITS=64 -D_GNU_SOURCE=1 -D_ISO99_SOURCE=1   -L/usr/local/lib/ conftest.cpp -lpthread   >&5
configure:3708: $? = 0
configure:3725: result: -lpthread
configure:3735: checking for library containing setupterm
configure:3766: g++ -o conftest -g -O2 -I/usr/local/include/ -D_LARGEFILE_SOURCE=1 -D_FILE_OFFSET_BITS=64 -D_GNU_SOURCE=1 -D_ISO99_SOURCE=1   -L/usr/local/lib/ conftest.cpp -lpthread  >&5
/tmp/ccipRdsA.o: In function `main':
/home/george/squad6/Squad604/codeBase/fish-shell-master/conftest.cpp:22: undefined reference to `setupterm'
collect2: ld returned 1 exit status
configure:3766: $? = 1
configure: failed program was:
| /* confdefs.h */
| #define PACKAGE_NAME "fish"
| #define PACKAGE_TARNAME "fish"
| #define PACKAGE_VERSION "2.0.GIT"
| #define PACKAGE_STRING "fish 2.0.GIT"
| #define PACKAGE_BUGREPORT "fish-users@lists.sf.net"
| #define PACKAGE_URL ""
| #define HAVE__PROC_SELF_STAT 1
| #define HAVE_TRANSLATE_H 1
| /* end confdefs.h.  */
| 
| /* Override any GCC internal prototype to avoid an error.
|    Use char because int might match the return type of a GCC
|    builtin and then its argument prototype would still apply.  */
| #ifdef __cplusplus
| extern "C"
| #endif
| char setupterm ();
| int
| main ()
| {
| return setupterm ();
|   ;
|   return 0;
| }
configure:3766: g++ -o conftest -g -O2 -I/usr/local/include/ -D_LARGEFILE_SOURCE=1 -D_FILE_OFFSET_BITS=64 -D_GNU_SOURCE=1 -D_ISO99_SOURCE=1   -L/usr/local/lib/ conftest.cpp -lncurses  -lpthread  >&5
configure:3766: $? = 0
configure:3783: result: -lncurses
configure:3793: checking for library containing nan
configure:3824: g++ -o conftest -g -O2 -I/usr/local/include/ -D_LARGEFILE_SOURCE=1 -D_FILE_OFFSET_BITS=64 -D_GNU_SOURCE=1 -D_ISO99_SOURCE=1   -L/usr/local/lib/ conftest.cpp -lncurses -lpthread  >&5
configure:3824: $? = 0
configure:3841: result: none required
configure:3921: checking for library containing iconv_open
configure:3952: g++ -o conftest -g -O2 -I/usr/local/include/ -D_LARGEFILE_SOURCE=1 -D_FILE_OFFSET_BITS=64 -D_GNU_SOURCE=1 -D_ISO99_SOURCE=1   -L/usr/local/lib/ conftest.cpp -lncurses -lpthread  >&5
configure:3952: $? = 0
configure:3969: result: none required
configure:4171: checking for library containing iconv_open
configure:4219: result: none required
configure:4353: checking for library containing iconv_open
configure:4401: result: none required
configure:4548: checking how to run the C++ preprocessor
configure:4575: g++ -E  conftest.cpp
configure:4575: $? = 0
configure:4589: g++ -E  conftest.cpp
conftest.cpp:12:28: fatal error: ac_nonexistent.h: No such file or directory
compilation terminated.
configure:4589: $? = 1
configure: failed program was:
| /* confdefs.h */
| #define PACKAGE_NAME "fish"
| #define PACKAGE_TARNAME "fish"
| #define PACKAGE_VERSION "2.0.GIT"
| #define PACKAGE_STRING "fish 2.0.GIT"
| #define PACKAGE_BUGREPORT "fish-users@lists.sf.net"
| #define PACKAGE_URL ""
| #define HAVE__PROC_SELF_STAT 1
| #define HAVE_TRANSLATE_H 1
| #define HAVE_NAN 1
| /* end confdefs.h.  */
| #include <ac_nonexistent.h>
configure:4614: result: g++ -E
configure:4634: g++ -E  conftest.cpp
configure:4634: $? = 0
configure:4648: g++ -E  conftest.cpp
conftest.cpp:12:28: fatal error: ac_nonexistent.h: No such file or directory
compilation terminated.
configure:4648: $? = 1
configure: failed program was:
| /* confdefs.h */
| #define PACKAGE_NAME "fish"
| #define PACKAGE_TARNAME "fish"
| #define PACKAGE_VERSION "2.0.GIT"
| #define PACKAGE_STRING "fish 2.0.GIT"
| #define PACKAGE_BUGREPORT "fish-users@lists.sf.net"
| #define PACKAGE_URL ""
| #define HAVE__PROC_SELF_STAT 1
| #define HAVE_TRANSLATE_H 1
| #define HAVE_NAN 1
| /* end confdefs.h.  */
| #include <ac_nonexistent.h>
configure:4677: checking for grep that handles long lines and -e
configure:4735: result: /bin/grep
configure:4740: checking for egrep
configure:4802: result: /bin/grep -E
configure:4807: checking for ANSI C header files
configure:4827: g++ -c -g -O2 -I/usr/local/include/ -D_LARGEFILE_SOURCE=1 -D_FILE_OFFSET_BITS=64 -D_GNU_SOURCE=1 -D_ISO99_SOURCE=1  conftest.cpp >&5
configure:4827: $? = 0
configure:4900: g++ -o conftest -g -O2 -I/usr/local/include/ -D_LARGEFILE_SOURCE=1 -D_FILE_OFFSET_BITS=64 -D_GNU_SOURCE=1 -D_ISO99_SOURCE=1   -L/usr/local/lib/ conftest.cpp  >&5
configure:4900: $? = 0
configure:4900: ./conftest
configure:4900: $? = 0
configure:4911: result: yes
configure:4924: checking for sys/types.h
configure:4924: g++ -c -g -O2 -I/usr/local/include/ -D_LARGEFILE_SOURCE=1 -D_FILE_OFFSET_BITS=64 -D_GNU_SOURCE=1 -D_ISO99_SOURCE=1  conftest.cpp >&5
configure:4924: $? = 0
configure:4924: result: yes
configure:4924: checking for sys/stat.h
configure:4924: g++ -c -g -O2 -I/usr/local/include/ -D_LARGEFILE_SOURCE=1 -D_FILE_OFFSET_BITS=64 -D_GNU_SOURCE=1 -D_ISO99_SOURCE=1  conftest.cpp >&5
configure:4924: $? = 0
configure:4924: result: yes
configure:4924: checking for stdlib.h
configure:4924: g++ -c -g -O2 -I/usr/local/include/ -D_LARGEFILE_SOURCE=1 -D_FILE_OFFSET_BITS=64 -D_GNU_SOURCE=1 -D_ISO99_SOURCE=1  conftest.cpp >&5
configure:4924: $? = 0
configure:4924: result: yes
configure:4924: checking for string.h
configure:4924: g++ -c -g -O2 -I/usr/local/include/ -D_LARGEFILE_SOURCE=1 -D_FILE_OFFSET_BITS=64 -D_GNU_SOURCE=1 -D_ISO99_SOURCE=1  conftest.cpp >&5
configure:4924: $? = 0
configure:4924: result: yes
configure:4924: checking for memory.h
configure:4924: g++ -c -g -O2 -I/usr/local/include/ -D_LARGEFILE_SOURCE=1 -D_FILE_OFFSET_BITS=64 -D_GNU_SOURCE=1 -D_ISO99_SOURCE=1  conftest.cpp >&5
configure:4924: $? = 0
configure:4924: result: yes
configure:4924: checking for strings.h
configure:4924: g++ -c -g -O2 -I/usr/local/include/ -D_LARGEFILE_SOURCE=1 -D_FILE_OFFSET_BITS=64 -D_GNU_SOURCE=1 -D_ISO99_SOURCE=1  conftest.cpp >&5
configure:4924: $? = 0
configure:4924: result: yes
configure:4924: checking for inttypes.h
configure:4924: g++ -c -g -O2 -I/usr/local/include/ -D_LARGEFILE_SOURCE=1 -D_FILE_OFFSET_BITS=64 -D_GNU_SOURCE=1 -D_ISO99_SOURCE=1  conftest.cpp >&5
configure:4924: $? = 0
configure:4924: result: yes
configure:4924: checking for stdint.h
configure:4924: g++ -c -g -O2 -I/usr/local/include/ -D_LARGEFILE_SOURCE=1 -D_FILE_OFFSET_BITS=64 -D_GNU_SOURCE=1 -D_ISO99_SOURCE=1  conftest.cpp >&5
configure:4924: $? = 0
configure:4924: result: yes
configure:4924: checking for unistd.h
configure:4924: g++ -c -g -O2 -I/usr/local/include/ -D_LARGEFILE_SOURCE=1 -D_FILE_OFFSET_BITS=64 -D_GNU_SOURCE=1 -D_ISO99_SOURCE=1  conftest.cpp >&5
configure:4924: $? = 0
configure:4924: result: yes
configure:4939: checking getopt.h usability
configure:4939: g++ -c -g -O2 -I/usr/local/include/ -D_LARGEFILE_SOURCE=1 -D_FILE_OFFSET_BITS=64 -D_GNU_SOURCE=1 -D_ISO99_SOURCE=1  conftest.cpp >&5
configure:4939: $? = 0
configure:4939: result: yes
configure:4939: checking getopt.h presence
configure:4939: g++ -E  conftest.cpp
configure:4939: $? = 0
configure:4939: result: yes
configure:4939: checking for getopt.h
configure:4939: result: yes
configure:4939: checking termios.h usability
configure:4939: g++ -c -g -O2 -I/usr/local/include/ -D_LARGEFILE_SOURCE=1 -D_FILE_OFFSET_BITS=64 -D_GNU_SOURCE=1 -D_ISO99_SOURCE=1  conftest.cpp >&5
configure:4939: $? = 0
configure:4939: result: yes
configure:4939: checking termios.h presence
configure:4939: g++ -E  conftest.cpp
configure:4939: $? = 0
configure:4939: result: yes
configure:4939: checking for termios.h
configure:4939: result: yes
configure:4939: checking sys/resource.h usability
configure:4939: g++ -c -g -O2 -I/usr/local/include/ -D_LARGEFILE_SOURCE=1 -D_FILE_OFFSET_BITS=64 -D_GNU_SOURCE=1 -D_ISO99_SOURCE=1  conftest.cpp >&5
configure:4939: $? = 0
configure:4939: result: yes
configure:4939: checking sys/resource.h presence
configure:4939: g++ -E  conftest.cpp
configure:4939: $? = 0
configure:4939: result: yes
configure:4939: checking for sys/resource.h
configure:4939: result: yes
configure:4939: checking term.h usability
configure:4939: g++ -c -g -O2 -I/usr/local/include/ -D_LARGEFILE_SOURCE=1 -D_FILE_OFFSET_BITS=64 -D_GNU_SOURCE=1 -D_ISO99_SOURCE=1  conftest.cpp >&5
configure:4939: $? = 0
configure:4939: result: yes
configure:4939: checking term.h presence
configure:4939: g++ -E  conftest.cpp
configure:4939: $? = 0
configure:4939: result: yes
configure:4939: checking for term.h
configure:4939: result: yes
configure:4939: checking ncurses/term.h usability
configure:4939: g++ -c -g -O2 -I/usr/local/include/ -D_LARGEFILE_SOURCE=1 -D_FILE_OFFSET_BITS=64 -D_GNU_SOURCE=1 -D_ISO99_SOURCE=1  conftest.cpp >&5
conftest.cpp:59:26: fatal error: ncurses/term.h: No such file or directory
compilation terminated.
configure:4939: $? = 1
configure: failed program was:
| /* confdefs.h */
| #define PACKAGE_NAME "fish"
| #define PACKAGE_TARNAME "fish"
| #define PACKAGE_VERSION "2.0.GIT"
| #define PACKAGE_STRING "fish 2.0.GIT"
| #define PACKAGE_BUGREPORT "fish-users@lists.sf.net"
| #define PACKAGE_URL ""
| #define HAVE__PROC_SELF_STAT 1
| #define HAVE_TRANSLATE_H 1
| #define HAVE_NAN 1
| #define STDC_HEADERS 1
| #define HAVE_SYS_TYPES_H 1
| #define HAVE_SYS_STAT_H 1
| #define HAVE_STDLIB_H 1
| #define HAVE_STRING_H 1
| #define HAVE_MEMORY_H 1
| #define HAVE_STRINGS_H 1
| #define HAVE_INTTYPES_H 1
| #define HAVE_STDINT_H 1
| #define HAVE_UNISTD_H 1
| #define HAVE_GETOPT_H 1
| #define HAVE_TERMIOS_H 1
| #define HAVE_SYS_RESOURCE_H 1
| #define HAVE_TERM_H 1
| /* end confdefs.h.  */
| #include <stdio.h>
| #ifdef HAVE_SYS_TYPES_H
| # include <sys/types.h>
| #endif
| #ifdef HAVE_SYS_STAT_H
| # include <sys/stat.h>
| #endif
| #ifdef STDC_HEADERS
| # include <stdlib.h>
| # include <stddef.h>
| #else
| # ifdef HAVE_STDLIB_H
| #  include <stdlib.h>
| # endif
| #endif
| #ifdef HAVE_STRING_H
| # if !defined STDC_HEADERS && defined HAVE_MEMORY_H
| #  include <memory.h>
| # endif
| # include <string.h>
| #endif
| #ifdef HAVE_STRINGS_H
| # include <strings.h>
| #endif
| #ifdef HAVE_INTTYPES_H
| # include <inttypes.h>
| #endif
| #ifdef HAVE_STDINT_H
| # include <stdint.h>
| #endif
| #ifdef HAVE_UNISTD_H
| # include <unistd.h>
| #endif
| #include <ncurses/term.h>
configure:4939: result: no
configure:4939: checking ncurses/term.h presence
configure:4939: g++ -E  conftest.cpp
conftest.cpp:26:26: fatal error: ncurses/term.h: No such file or directory
compilation terminated.
configure:4939: $? = 1
configure: failed program was:
| /* confdefs.h */
| #define PACKAGE_NAME "fish"
| #define PACKAGE_TARNAME "fish"
| #define PACKAGE_VERSION "2.0.GIT"
| #define PACKAGE_STRING "fish 2.0.GIT"
| #define PACKAGE_BUGREPORT "fish-users@lists.sf.net"
| #define PACKAGE_URL ""
| #define HAVE__PROC_SELF_STAT 1
| #define HAVE_TRANSLATE_H 1
| #define HAVE_NAN 1
| #define STDC_HEADERS 1
| #define HAVE_SYS_TYPES_H 1
| #define HAVE_SYS_STAT_H 1
| #define HAVE_STDLIB_H 1
| #define HAVE_STRING_H 1
| #define HAVE_MEMORY_H 1
| #define HAVE_STRINGS_H 1
| #define HAVE_INTTYPES_H 1
| #define HAVE_STDINT_H 1
| #define HAVE_UNISTD_H 1
| #define HAVE_GETOPT_H 1
| #define HAVE_TERMIOS_H 1
| #define HAVE_SYS_RESOURCE_H 1
| #define HAVE_TERM_H 1
| /* end confdefs.h.  */
| #include <ncurses/term.h>
configure:4939: result: no
configure:4939: checking for ncurses/term.h
configure:4939: result: no
configure:4939: checking ncurses.h usability
configure:4939: g++ -c -g -O2 -I/usr/local/include/ -D_LARGEFILE_SOURCE=1 -D_FILE_OFFSET_BITS=64 -D_GNU_SOURCE=1 -D_ISO99_SOURCE=1  conftest.cpp >&5
configure:4939: $? = 0
configure:4939: result: yes
configure:4939: checking ncurses.h presence
configure:4939: g++ -E  conftest.cpp
configure:4939: $? = 0
configure:4939: result: yes
configure:4939: checking for ncurses.h
configure:4939: result: yes
configure:4939: checking curses.h usability
configure:4939: g++ -c -g -O2 -I/usr/local/include/ -D_LARGEFILE_SOURCE=1 -D_FILE_OFFSET_BITS=64 -D_GNU_SOURCE=1 -D_ISO99_SOURCE=1  conftest.cpp >&5
configure:4939: $? = 0
configure:4939: result: yes
configure:4939: checking curses.h presence
configure:4939: g++ -E  conftest.cpp
configure:4939: $? = 0
configure:4939: result: yes
configure:4939: checking for curses.h
configure:4939: result: yes
configure:4939: checking stropts.h usability
configure:4939: g++ -c -g -O2 -I/usr/local/include/ -D_LARGEFILE_SOURCE=1 -D_FILE_OFFSET_BITS=64 -D_GNU_SOURCE=1 -D_ISO99_SOURCE=1  conftest.cpp >&5
configure:4939: $? = 0
configure:4939: result: yes
configure:4939: checking stropts.h presence
configure:4939: g++ -E  conftest.cpp
configure:4939: $? = 0
configure:4939: result: yes
configure:4939: checking for stropts.h
configure:4939: result: yes
configure:4939: checking siginfo.h usability
configure:4939: g++ -c -g -O2 -I/usr/local/include/ -D_LARGEFILE_SOURCE=1 -D_FILE_OFFSET_BITS=64 -D_GNU_SOURCE=1 -D_ISO99_SOURCE=1  conftest.cpp >&5
conftest.cpp:62:21: fatal error: siginfo.h: No such file or directory
compilation terminated.
configure:4939: $? = 1
configure: failed program was:
| /* confdefs.h */
| #define PACKAGE_NAME "fish"
| #define PACKAGE_TARNAME "fish"
| #define PACKAGE_VERSION "2.0.GIT"
| #define PACKAGE_STRING "fish 2.0.GIT"
| #define PACKAGE_BUGREPORT "fish-users@lists.sf.net"
| #define PACKAGE_URL ""
| #define HAVE__PROC_SELF_STAT 1
| #define HAVE_TRANSLATE_H 1
| #define HAVE_NAN 1
| #define STDC_HEADERS 1
| #define HAVE_SYS_TYPES_H 1
| #define HAVE_SYS_STAT_H 1
| #define HAVE_STDLIB_H 1
| #define HAVE_STRING_H 1
| #define HAVE_MEMORY_H 1
| #define HAVE_STRINGS_H 1
| #define HAVE_INTTYPES_H 1
| #define HAVE_STDINT_H 1
| #define HAVE_UNISTD_H 1
| #define HAVE_GETOPT_H 1
| #define HAVE_TERMIOS_H 1
| #define HAVE_SYS_RESOURCE_H 1
| #define HAVE_TERM_H 1
| #define HAVE_NCURSES_H 1
| #define HAVE_CURSES_H 1
| #define HAVE_STROPTS_H 1
| /* end confdefs.h.  */
| #include <stdio.h>
| #ifdef HAVE_SYS_TYPES_H
| # include <sys/types.h>
| #endif
| #ifdef HAVE_SYS_STAT_H
| # include <sys/stat.h>
| #endif
| #ifdef STDC_HEADERS
| # include <stdlib.h>
| # include <stddef.h>
| #else
| # ifdef HAVE_STDLIB_H
| #  include <stdlib.h>
| # endif
| #endif
| #ifdef HAVE_STRING_H
| # if !defined STDC_HEADERS && defined HAVE_MEMORY_H
| #  include <memory.h>
| # endif
| # include <string.h>
| #endif
| #ifdef HAVE_STRINGS_H
| # include <strings.h>
| #endif
| #ifdef HAVE_INTTYPES_H
| # include <inttypes.h>
| #endif
| #ifdef HAVE_STDINT_H
| # include <stdint.h>
| #endif
| #ifdef HAVE_UNISTD_H
| # include <unistd.h>
| #endif
| #include <siginfo.h>
configure:4939: result: no
configure:4939: checking siginfo.h presence
configure:4939: g++ -E  conftest.cpp
conftest.cpp:29:21: fatal error: siginfo.h: No such file or directory
compilation terminated.
configure:4939: $? = 1
configure: failed program was:
| /* confdefs.h */
| #define PACKAGE_NAME "fish"
| #define PACKAGE_TARNAME "fish"
| #define PACKAGE_VERSION "2.0.GIT"
| #define PACKAGE_STRING "fish 2.0.GIT"
| #define PACKAGE_BUGREPORT "fish-users@lists.sf.net"
| #define PACKAGE_URL ""
| #define HAVE__PROC_SELF_STAT 1
| #define HAVE_TRANSLATE_H 1
| #define HAVE_NAN 1
| #define STDC_HEADERS 1
| #define HAVE_SYS_TYPES_H 1
| #define HAVE_SYS_STAT_H 1
| #define HAVE_STDLIB_H 1
| #define HAVE_STRING_H 1
| #define HAVE_MEMORY_H 1
| #define HAVE_STRINGS_H 1
| #define HAVE_INTTYPES_H 1
| #define HAVE_STDINT_H 1
| #define HAVE_UNISTD_H 1
| #define HAVE_GETOPT_H 1
| #define HAVE_TERMIOS_H 1
| #define HAVE_SYS_RESOURCE_H 1
| #define HAVE_TERM_H 1
| #define HAVE_NCURSES_H 1
| #define HAVE_CURSES_H 1
| #define HAVE_STROPTS_H 1
| /* end confdefs.h.  */
| #include <siginfo.h>
configure:4939: result: no
configure:4939: checking for siginfo.h
configure:4939: result: no
configure:4939: checking sys/select.h usability
configure:4939: g++ -c -g -O2 -I/usr/local/include/ -D_LARGEFILE_SOURCE=1 -D_FILE_OFFSET_BITS=64 -D_GNU_SOURCE=1 -D_ISO99_SOURCE=1  conftest.cpp >&5
configure:4939: $? = 0
configure:4939: result: yes
configure:4939: checking sys/select.h presence
configure:4939: g++ -E  conftest.cpp
configure:4939: $? = 0
configure:4939: result: yes
configure:4939: checking for sys/select.h
configure:4939: result: yes
configure:4939: checking sys/ioctl.h usability
configure:4939: g++ -c -g -O2 -I/usr/local/include/ -D_LARGEFILE_SOURCE=1 -D_FILE_OFFSET_BITS=64 -D_GNU_SOURCE=1 -D_ISO99_SOURCE=1  conftest.cpp >&5
configure:4939: $? = 0
configure:4939: result: yes
configure:4939: checking sys/ioctl.h presence
configure:4939: g++ -E  conftest.cpp
configure:4939: $? = 0
configure:4939: result: yes
configure:4939: checking for sys/ioctl.h
configure:4939: result: yes
configure:4939: checking execinfo.h usability
configure:4939: g++ -c -g -O2 -I/usr/local/include/ -D_LARGEFILE_SOURCE=1 -D_FILE_OFFSET_BITS=64 -D_GNU_SOURCE=1 -D_ISO99_SOURCE=1  conftest.cpp >&5
configure:4939: $? = 0
configure:4939: result: yes
configure:4939: checking execinfo.h presence
configure:4939: g++ -E  conftest.cpp
configure:4939: $? = 0
configure:4939: result: yes
configure:4939: checking for execinfo.h
configure:4939: result: yes
configure:4939: checking spawn.h usability
configure:4939: g++ -c -g -O2 -I/usr/local/include/ -D_LARGEFILE_SOURCE=1 -D_FILE_OFFSET_BITS=64 -D_GNU_SOURCE=1 -D_ISO99_SOURCE=1  conftest.cpp >&5
configure:4939: $? = 0
configure:4939: result: yes
configure:4939: checking spawn.h presence
configure:4939: g++ -E  conftest.cpp
configure:4939: $? = 0
configure:4939: result: yes
configure:4939: checking for spawn.h
configure:4939: result: yes
configure:4939: checking sys/sysctl.h usability
configure:4939: g++ -c -g -O2 -I/usr/local/include/ -D_LARGEFILE_SOURCE=1 -D_FILE_OFFSET_BITS=64 -D_GNU_SOURCE=1 -D_ISO99_SOURCE=1  conftest.cpp >&5
configure:4939: $? = 0
configure:4939: result: yes
configure:4939: checking sys/sysctl.h presence
configure:4939: g++ -E  conftest.cpp
configure:4939: $? = 0
configure:4939: result: yes
configure:4939: checking for sys/sysctl.h
configure:4939: result: yes
configure:4965: checking regex.h usability
configure:4965: g++ -c -g -O2 -I/usr/local/include/ -D_LARGEFILE_SOURCE=1 -D_FILE_OFFSET_BITS=64 -D_GNU_SOURCE=1 -D_ISO99_SOURCE=1  conftest.cpp >&5
configure:4965: $? = 0
configure:4965: result: yes
configure:4965: checking regex.h presence
configure:4965: g++ -E  conftest.cpp
configure:4965: $? = 0
configure:4965: result: yes
configure:4965: checking for regex.h
configure:4965: result: yes
configure:5016: checking if switches "" works
configure:5079: g++ -o conftest -g -O2 -I/usr/local/include/ -D_LARGEFILE_SOURCE=1 -D_FILE_OFFSET_BITS=64 -D_GNU_SOURCE=1 -D_ISO99_SOURCE=1    -L/usr/local/lib/ conftest.cpp  >&5
configure:5079: $? = 0
configure:5088: result: yes 
configure:5117: checking for wcsdup
configure:5117: g++ -o conftest -g -O2 -I/usr/local/include/ -D_LARGEFILE_SOURCE=1 -D_FILE_OFFSET_BITS=64 -D_GNU_SOURCE=1 -D_ISO99_SOURCE=1    -L/usr/local/lib/ conftest.cpp  >&5
configure:5117: $? = 0
configure:5117: result: yes
configure:5117: checking for wcsndup
configure:5117: g++ -o conftest -g -O2 -I/usr/local/include/ -D_LARGEFILE_SOURCE=1 -D_FILE_OFFSET_BITS=64 -D_GNU_SOURCE=1 -D_ISO99_SOURCE=1    -L/usr/local/lib/ conftest.cpp  >&5
/tmp/ccGvCjpH.o: In function `main':
/home/george/squad6/Squad604/codeBase/fish-shell-master/conftest.cpp:70: undefined reference to `wcsndup'
collect2: ld returned 1 exit status
configure:5117: $? = 1
configure: failed program was:
| /* confdefs.h */
| #define PACKAGE_NAME "fish"
| #define PACKAGE_TARNAME "fish"
| #define PACKAGE_VERSION "2.0.GIT"
| #define PACKAGE_STRING "fish 2.0.GIT"
| #define PACKAGE_BUGREPORT "fish-users@lists.sf.net"
| #define PACKAGE_URL ""
| #define HAVE__PROC_SELF_STAT 1
| #define HAVE_TRANSLATE_H 1
| #define HAVE_NAN 1
| #define STDC_HEADERS 1
| #define HAVE_SYS_TYPES_H 1
| #define HAVE_SYS_STAT_H 1
| #define HAVE_STDLIB_H 1
| #define HAVE_STRING_H 1
| #define HAVE_MEMORY_H 1
| #define HAVE_STRINGS_H 1
| #define HAVE_INTTYPES_H 1
| #define HAVE_STDINT_H 1
| #define HAVE_UNISTD_H 1
| #define HAVE_GETOPT_H 1
| #define HAVE_TERMIOS_H 1
| #define HAVE_SYS_RESOURCE_H 1
| #define HAVE_TERM_H 1
| #define HAVE_NCURSES_H 1
| #define HAVE_CURSES_H 1
| #define HAVE_STROPTS_H 1
| #define HAVE_SYS_SELECT_H 1
| #define HAVE_SYS_IOCTL_H 1
| #define HAVE_EXECINFO_H 1
| #define HAVE_SPAWN_H 1
| #define HAVE_SYS_SYSCTL_H 1
| #define HAVE_REGEX_H 1
| #define HAVE_WCSDUP 1
| /* end confdefs.h.  */
| /* Define wcsndup to an innocuous variant, in case <limits.h> declares wcsndup.
|    For example, HP-UX 11i <limits.h> declares gettimeofday.  */
| #define wcsndup innocuous_wcsndup
| 
| /* System header to define __stub macros and hopefully few prototypes,
|     which can conflict with char wcsndup (); below.
|     Prefer <limits.h> to <assert.h> if __STDC__ is defined, since
|     <limits.h> exists even on freestanding compilers.  */
| 
| #ifdef __STDC__
| # include <limits.h>
| #else
| # include <assert.h>
| #endif
| 
| #undef wcsndup
| 
| /* Override any GCC internal prototype to avoid an error.
|    Use char because int might match the return type of a GCC
|    builtin and then its argument prototype would still apply.  */
| #ifdef __cplusplus
| extern "C"
| #endif
| char wcsndup ();
| /* The GNU C library defines this for functions which it implements
|     to always fail with ENOSYS.  Some functions are actually named
|     something starting with __ and the normal name is an alias.  */
| #if defined __stub_wcsndup || defined __stub___wcsndup
| choke me
| #endif
| 
| int
| main ()
| {
| return wcsndup ();
|   ;
|   return 0;
| }
configure:5117: result: no
configure:5117: checking for wcslen
configure:5117: g++ -o conftest -g -O2 -I/usr/local/include/ -D_LARGEFILE_SOURCE=1 -D_FILE_OFFSET_BITS=64 -D_GNU_SOURCE=1 -D_ISO99_SOURCE=1    -L/usr/local/lib/ conftest.cpp  >&5
configure:5117: $? = 0
configure:5117: result: yes
configure:5117: checking for wcscasecmp
configure:5117: g++ -o conftest -g -O2 -I/usr/local/include/ -D_LARGEFILE_SOURCE=1 -D_FILE_OFFSET_BITS=64 -D_GNU_SOURCE=1 -D_ISO99_SOURCE=1    -L/usr/local/lib/ conftest.cpp  >&5
configure:5117: $? = 0
configure:5117: result: yes
configure:5117: checking for wcsncasecmp
configure:5117: g++ -o conftest -g -O2 -I/usr/local/include/ -D_LARGEFILE_SOURCE=1 -D_FILE_OFFSET_BITS=64 -D_GNU_SOURCE=1 -D_ISO99_SOURCE=1    -L/usr/local/lib/ conftest.cpp  >&5
configure:5117: $? = 0
configure:5117: result: yes
configure:5117: checking for fwprintf
configure:5117: g++ -o conftest -g -O2 -I/usr/local/include/ -D_LARGEFILE_SOURCE=1 -D_FILE_OFFSET_BITS=64 -D_GNU_SOURCE=1 -D_ISO99_SOURCE=1    -L/usr/local/lib/ conftest.cpp  >&5
configure:5117: $? = 0
configure:5117: result: yes
configure:5129: checking for futimes
configure:5129: g++ -o conftest -g -O2 -I/usr/local/include/ -D_LARGEFILE_SOURCE=1 -D_FILE_OFFSET_BITS=64 -D_GNU_SOURCE=1 -D_ISO99_SOURCE=1    -L/usr/local/lib/ conftest.cpp  >&5
configure:5129: $? = 0
configure:5129: result: yes
configure:5129: checking for wcwidth
configure:5129: g++ -o conftest -g -O2 -I/usr/local/include/ -D_LARGEFILE_SOURCE=1 -D_FILE_OFFSET_BITS=64 -D_GNU_SOURCE=1 -D_ISO99_SOURCE=1    -L/usr/local/lib/ conftest.cpp  >&5
configure:5129: $? = 0
configure:5129: result: yes
configure:5129: checking for wcswidth
configure:5129: g++ -o conftest -g -O2 -I/usr/local/include/ -D_LARGEFILE_SOURCE=1 -D_FILE_OFFSET_BITS=64 -D_GNU_SOURCE=1 -D_ISO99_SOURCE=1    -L/usr/local/lib/ conftest.cpp  >&5
configure:5129: $? = 0
configure:5129: result: yes
configure:5129: checking for wcstok
configure:5129: g++ -o conftest -g -O2 -I/usr/local/include/ -D_LARGEFILE_SOURCE=1 -D_FILE_OFFSET_BITS=64 -D_GNU_SOURCE=1 -D_ISO99_SOURCE=1    -L/usr/local/lib/ conftest.cpp  >&5
configure:5129: $? = 0
configure:5129: result: yes
configure:5129: checking for fputwc
configure:5129: g++ -o conftest -g -O2 -I/usr/local/include/ -D_LARGEFILE_SOURCE=1 -D_FILE_OFFSET_BITS=64 -D_GNU_SOURCE=1 -D_ISO99_SOURCE=1    -L/usr/local/lib/ conftest.cpp  >&5
configure:5129: $? = 0
configure:5129: result: yes
configure:5129: checking for fgetwc
configure:5129: g++ -o conftest -g -O2 -I/usr/local/include/ -D_LARGEFILE_SOURCE=1 -D_FILE_OFFSET_BITS=64 -D_GNU_SOURCE=1 -D_ISO99_SOURCE=1    -L/usr/local/lib/ conftest.cpp  >&5
configure:5129: $? = 0
configure:5129: result: yes
configure:5141: checking for wcstol
configure:5141: g++ -o conftest -g -O2 -I/usr/local/include/ -D_LARGEFILE_SOURCE=1 -D_FILE_OFFSET_BITS=64 -D_GNU_SOURCE=1 -D_ISO99_SOURCE=1    -L/usr/local/lib/ conftest.cpp  >&5
configure:5141: $? = 0
configure:5141: result: yes
configure:5141: checking for wcslcat
configure:5141: g++ -o conftest -g -O2 -I/usr/local/include/ -D_LARGEFILE_SOURCE=1 -D_FILE_OFFSET_BITS=64 -D_GNU_SOURCE=1 -D_ISO99_SOURCE=1    -L/usr/local/lib/ conftest.cpp  >&5
/tmp/ccp3njp0.o: In function `main':
/home/george/squad6/Squad604/codeBase/fish-shell-master/conftest.cpp:81: undefined reference to `wcslcat'
collect2: ld returned 1 exit status
configure:5141: $? = 1
configure: failed program was:
| /* confdefs.h */
| #define PACKAGE_NAME "fish"
| #define PACKAGE_TARNAME "fish"
| #define PACKAGE_VERSION "2.0.GIT"
| #define PACKAGE_STRING "fish 2.0.GIT"
| #define PACKAGE_BUGREPORT "fish-users@lists.sf.net"
| #define PACKAGE_URL ""
| #define HAVE__PROC_SELF_STAT 1
| #define HAVE_TRANSLATE_H 1
| #define HAVE_NAN 1
| #define STDC_HEADERS 1
| #define HAVE_SYS_TYPES_H 1
| #define HAVE_SYS_STAT_H 1
| #define HAVE_STDLIB_H 1
| #define HAVE_STRING_H 1
| #define HAVE_MEMORY_H 1
| #define HAVE_STRINGS_H 1
| #define HAVE_INTTYPES_H 1
| #define HAVE_STDINT_H 1
| #define HAVE_UNISTD_H 1
| #define HAVE_GETOPT_H 1
| #define HAVE_TERMIOS_H 1
| #define HAVE_SYS_RESOURCE_H 1
| #define HAVE_TERM_H 1
| #define HAVE_NCURSES_H 1
| #define HAVE_CURSES_H 1
| #define HAVE_STROPTS_H 1
| #define HAVE_SYS_SELECT_H 1
| #define HAVE_SYS_IOCTL_H 1
| #define HAVE_EXECINFO_H 1
| #define HAVE_SPAWN_H 1
| #define HAVE_SYS_SYSCTL_H 1
| #define HAVE_REGEX_H 1
| #define HAVE_WCSDUP 1
| #define HAVE_WCSLEN 1
| #define HAVE_WCSCASECMP 1
| #define HAVE_WCSNCASECMP 1
| #define HAVE_FWPRINTF 1
| #define HAVE_FUTIMES 1
| #define HAVE_WCWIDTH 1
| #define HAVE_WCSWIDTH 1
| #define HAVE_WCSTOK 1
| #define HAVE_FPUTWC 1
| #define HAVE_FGETWC 1
| #define HAVE_WCSTOL 1
| /* end confdefs.h.  */
| /* Define wcslcat to an innocuous variant, in case <limits.h> declares wcslcat.
|    For example, HP-UX 11i <limits.h> declares gettimeofday.  */
| #define wcslcat innocuous_wcslcat
| 
| /* System header to define __stub macros and hopefully few prototypes,
|     which can conflict with char wcslcat (); below.
|     Prefer <limits.h> to <assert.h> if __STDC__ is defined, since
|     <limits.h> exists even on freestanding compilers.  */
| 
| #ifdef __STDC__
| # include <limits.h>
| #else
| # include <assert.h>
| #endif
| 
| #undef wcslcat
| 
| /* Override any GCC internal prototype to avoid an error.
|    Use char because int might match the return type of a GCC
|    builtin and then its argument prototype would still apply.  */
| #ifdef __cplusplus
| extern "C"
| #endif
| char wcslcat ();
| /* The GNU C library defines this for functions which it implements
|     to always fail with ENOSYS.  Some functions are actually named
|     something starting with __ and the normal name is an alias.  */
| #if defined __stub_wcslcat || defined __stub___wcslcat
| choke me
| #endif
| 
| int
| main ()
| {
| return wcslcat ();
|   ;
|   return 0;
| }
configure:5141: result: no
configure:5141: checking for wcslcpy
configure:5141: g++ -o conftest -g -O2 -I/usr/local/include/ -D_LARGEFILE_SOURCE=1 -D_FILE_OFFSET_BITS=64 -D_GNU_SOURCE=1 -D_ISO99_SOURCE=1    -L/usr/local/lib/ conftest.cpp  >&5
/tmp/ccl6UL16.o: In function `main':
/home/george/squad6/Squad604/codeBase/fish-shell-master/conftest.cpp:81: undefined reference to `wcslcpy'
collect2: ld returned 1 exit status
configure:5141: $? = 1
configure: failed program was:
| /* confdefs.h */
| #define PACKAGE_NAME "fish"
| #define PACKAGE_TARNAME "fish"
| #define PACKAGE_VERSION "2.0.GIT"
| #define PACKAGE_STRING "fish 2.0.GIT"
| #define PACKAGE_BUGREPORT "fish-users@lists.sf.net"
| #define PACKAGE_URL ""
| #define HAVE__PROC_SELF_STAT 1
| #define HAVE_TRANSLATE_H 1
| #define HAVE_NAN 1
| #define STDC_HEADERS 1
| #define HAVE_SYS_TYPES_H 1
| #define HAVE_SYS_STAT_H 1
| #define HAVE_STDLIB_H 1
| #define HAVE_STRING_H 1
| #define HAVE_MEMORY_H 1
| #define HAVE_STRINGS_H 1
| #define HAVE_INTTYPES_H 1
| #define HAVE_STDINT_H 1
| #define HAVE_UNISTD_H 1
| #define HAVE_GETOPT_H 1
| #define HAVE_TERMIOS_H 1
| #define HAVE_SYS_RESOURCE_H 1
| #define HAVE_TERM_H 1
| #define HAVE_NCURSES_H 1
| #define HAVE_CURSES_H 1
| #define HAVE_STROPTS_H 1
| #define HAVE_SYS_SELECT_H 1
| #define HAVE_SYS_IOCTL_H 1
| #define HAVE_EXECINFO_H 1
| #define HAVE_SPAWN_H 1
| #define HAVE_SYS_SYSCTL_H 1
| #define HAVE_REGEX_H 1
| #define HAVE_WCSDUP 1
| #define HAVE_WCSLEN 1
| #define HAVE_WCSCASECMP 1
| #define HAVE_WCSNCASECMP 1
| #define HAVE_FWPRINTF 1
| #define HAVE_FUTIMES 1
| #define HAVE_WCWIDTH 1
| #define HAVE_WCSWIDTH 1
| #define HAVE_WCSTOK 1
| #define HAVE_FPUTWC 1
| #define HAVE_FGETWC 1
| #define HAVE_WCSTOL 1
| /* end confdefs.h.  */
| /* Define wcslcpy to an innocuous variant, in case <limits.h> declares wcslcpy.
|    For example, HP-UX 11i <limits.h> declares gettimeofday.  */
| #define wcslcpy innocuous_wcslcpy
| 
| /* System header to define __stub macros and hopefully few prototypes,
|     which can conflict with char wcslcpy (); below.
|     Prefer <limits.h> to <assert.h> if __STDC__ is defined, since
|     <limits.h> exists even on freestanding compilers.  */
| 
| #ifdef __STDC__
| # include <limits.h>
| #else
| # include <assert.h>
| #endif
| 
| #undef wcslcpy
| 
| /* Override any GCC internal prototype to avoid an error.
|    Use char because int might match the return type of a GCC
|    builtin and then its argument prototype would still apply.  */
| #ifdef __cplusplus
| extern "C"
| #endif
| char wcslcpy ();
| /* The GNU C library defines this for functions which it implements
|     to always fail with ENOSYS.  Some functions are actually named
|     something starting with __ and the normal name is an alias.  */
| #if defined __stub_wcslcpy || defined __stub___wcslcpy
| choke me
| #endif
| 
| int
| main ()
| {
| return wcslcpy ();
|   ;
|   return 0;
| }
configure:5141: result: no
configure:5141: checking for lrand48_r
configure:5141: g++ -o conftest -g -O2 -I/usr/local/include/ -D_LARGEFILE_SOURCE=1 -D_FILE_OFFSET_BITS=64 -D_GNU_SOURCE=1 -D_ISO99_SOURCE=1    -L/usr/local/lib/ conftest.cpp  >&5
configure:5141: $? = 0
configure:5141: result: yes
configure:5141: checking for killpg
configure:5141: g++ -o conftest -g -O2 -I/usr/local/include/ -D_LARGEFILE_SOURCE=1 -D_FILE_OFFSET_BITS=64 -D_GNU_SOURCE=1 -D_ISO99_SOURCE=1    -L/usr/local/lib/ conftest.cpp  >&5
configure:5141: $? = 0
configure:5141: result: yes
configure:5153: checking for backtrace
configure:5153: g++ -o conftest -g -O2 -I/usr/local/include/ -D_LARGEFILE_SOURCE=1 -D_FILE_OFFSET_BITS=64 -D_GNU_SOURCE=1 -D_ISO99_SOURCE=1    -L/usr/local/lib/ conftest.cpp  >&5
configure:5153: $? = 0
configure:5153: result: yes
configure:5153: checking for backtrace_symbols
configure:5153: g++ -o conftest -g -O2 -I/usr/local/include/ -D_LARGEFILE_SOURCE=1 -D_FILE_OFFSET_BITS=64 -D_GNU_SOURCE=1 -D_ISO99_SOURCE=1    -L/usr/local/lib/ conftest.cpp  >&5
configure:5153: $? = 0
configure:5153: result: yes
configure:5153: checking for sysconf
configure:5153: g++ -o conftest -g -O2 -I/usr/local/include/ -D_LARGEFILE_SOURCE=1 -D_FILE_OFFSET_BITS=64 -D_GNU_SOURCE=1 -D_ISO99_SOURCE=1    -L/usr/local/lib/ conftest.cpp  >&5
configure:5153: $? = 0
configure:5153: result: yes
configure:5153: checking for getifaddrs
configure:5153: g++ -o conftest -g -O2 -I/usr/local/include/ -D_LARGEFILE_SOURCE=1 -D_FILE_OFFSET_BITS=64 -D_GNU_SOURCE=1 -D_ISO99_SOURCE=1    -L/usr/local/lib/ conftest.cpp  >&5
configure:5153: $? = 0
configure:5153: result: yes
configure:5200: checking if realpath accepts null for its second argument
configure:5232: g++ -o conftest -g -O2 -I/usr/local/include/ -D_LARGEFILE_SOURCE=1 -D_FILE_OFFSET_BITS=64 -D_GNU_SOURCE=1 -D_ISO99_SOURCE=1    -L/usr/local/lib/ conftest.cpp  >&5
configure:5232: $? = 0
configure:5232: ./conftest
configure:5232: $? = 0
configure:5244: result: yes
configure:5259: checking if struct winsize and TIOCGWINSZ exist
configure:5286: g++ -o conftest -g -O2 -I/usr/local/include/ -D_LARGEFILE_SOURCE=1 -D_FILE_OFFSET_BITS=64 -D_GNU_SOURCE=1 -D_ISO99_SOURCE=1    -L/usr/local/lib/ conftest.cpp  >&5
configure:5286: $? = 0
configure:5288: result: yes
configure:5312: checking if fwprintf is broken
configure:5342: g++ -o conftest -g -O2 -I/usr/local/include/ -D_LARGEFILE_SOURCE=1 -D_FILE_OFFSET_BITS=64 -D_GNU_SOURCE=1 -D_ISO99_SOURCE=1    -L/usr/local/lib/ conftest.cpp  >&5
configure:5342: $? = 0
configure:5342: ./conftest
fish:configure:5342: $? = 0
configure:5344: result: no
configure:5366: checking for _nl_msg_cat_cntr symbol
configure:5387: g++ -o conftest -g -O2 -I/usr/local/include/ -D_LARGEFILE_SOURCE=1 -D_FILE_OFFSET_BITS=64 -D_GNU_SOURCE=1 -D_ISO99_SOURCE=1    -L/usr/local/lib/ conftest.cpp  >&5
conftest.cpp: In function 'int main()':
conftest.cpp:66:13: error: 'exit' was not declared in this scope
configure:5387: $? = 1
configure: failed program was:
| /* confdefs.h */
| #define PACKAGE_NAME "fish"
| #define PACKAGE_TARNAME "fish"
| #define PACKAGE_VERSION "2.0.GIT"
| #define PACKAGE_STRING "fish 2.0.GIT"
| #define PACKAGE_BUGREPORT "fish-users@lists.sf.net"
| #define PACKAGE_URL ""
| #define HAVE__PROC_SELF_STAT 1
| #define HAVE_TRANSLATE_H 1
| #define HAVE_NAN 1
| #define STDC_HEADERS 1
| #define HAVE_SYS_TYPES_H 1
| #define HAVE_SYS_STAT_H 1
| #define HAVE_STDLIB_H 1
| #define HAVE_STRING_H 1
| #define HAVE_MEMORY_H 1
| #define HAVE_STRINGS_H 1
| #define HAVE_INTTYPES_H 1
| #define HAVE_STDINT_H 1
| #define HAVE_UNISTD_H 1
| #define HAVE_GETOPT_H 1
| #define HAVE_TERMIOS_H 1
| #define HAVE_SYS_RESOURCE_H 1
| #define HAVE_TERM_H 1
| #define HAVE_NCURSES_H 1
| #define HAVE_CURSES_H 1
| #define HAVE_STROPTS_H 1
| #define HAVE_SYS_SELECT_H 1
| #define HAVE_SYS_IOCTL_H 1
| #define HAVE_EXECINFO_H 1
| #define HAVE_SPAWN_H 1
| #define HAVE_SYS_SYSCTL_H 1
| #define HAVE_REGEX_H 1
| #define HAVE_WCSDUP 1
| #define HAVE_WCSLEN 1
| #define HAVE_WCSCASECMP 1
| #define HAVE_WCSNCASECMP 1
| #define HAVE_FWPRINTF 1
| #define HAVE_FUTIMES 1
| #define HAVE_WCWIDTH 1
| #define HAVE_WCSWIDTH 1
| #define HAVE_WCSTOK 1
| #define HAVE_FPUTWC 1
| #define HAVE_FGETWC 1
| #define HAVE_WCSTOL 1
| #define HAVE_LRAND48_R 1
| #define HAVE_KILLPG 1
| #define HAVE_BACKTRACE 1
| #define HAVE_BACKTRACE_SYMBOLS 1
| #define HAVE_SYSCONF 1
| #define HAVE_GETIFADDRS 1
| #define HAVE_REALPATH_NULL 1
| #define HAVE_WINSIZE 1
| /* end confdefs.h.  */
| 
|     #if HAVE_LIBINTL_H
|     #include <libintl.h>
|     #endif
| 
| int
| main ()
| {
| 
|     extern int  _nl_msg_cat_cntr;
|     int tmp = _nl_msg_cat_cntr;
|     exit(tmp);
| 
|   ;
|   return 0;
| }
configure:5402: result: no
configure:5407: checking for __environ symbol
configure:5426: g++ -o conftest -g -O2 -I/usr/local/include/ -D_LARGEFILE_SOURCE=1 -D_FILE_OFFSET_BITS=64 -D_GNU_SOURCE=1 -D_ISO99_SOURCE=1    -L/usr/local/lib/ conftest.cpp  >&5
conftest.cpp: In function 'int main()':
conftest.cpp:64:16: error: 'exit' was not declared in this scope
configure:5426: $? = 1
configure: failed program was:
| /* confdefs.h */
| #define PACKAGE_NAME "fish"
| #define PACKAGE_TARNAME "fish"
| #define PACKAGE_VERSION "2.0.GIT"
| #define PACKAGE_STRING "fish 2.0.GIT"
| #define PACKAGE_BUGREPORT "fish-users@lists.sf.net"
| #define PACKAGE_URL ""
| #define HAVE__PROC_SELF_STAT 1
| #define HAVE_TRANSLATE_H 1
| #define HAVE_NAN 1
| #define STDC_HEADERS 1
| #define HAVE_SYS_TYPES_H 1
| #define HAVE_SYS_STAT_H 1
| #define HAVE_STDLIB_H 1
| #define HAVE_STRING_H 1
| #define HAVE_MEMORY_H 1
| #define HAVE_STRINGS_H 1
| #define HAVE_INTTYPES_H 1
| #define HAVE_STDINT_H 1
| #define HAVE_UNISTD_H 1
| #define HAVE_GETOPT_H 1
| #define HAVE_TERMIOS_H 1
| #define HAVE_SYS_RESOURCE_H 1
| #define HAVE_TERM_H 1
| #define HAVE_NCURSES_H 1
| #define HAVE_CURSES_H 1
| #define HAVE_STROPTS_H 1
| #define HAVE_SYS_SELECT_H 1
| #define HAVE_SYS_IOCTL_H 1
| #define HAVE_EXECINFO_H 1
| #define HAVE_SPAWN_H 1
| #define HAVE_SYS_SYSCTL_H 1
| #define HAVE_REGEX_H 1
| #define HAVE_WCSDUP 1
| #define HAVE_WCSLEN 1
| #define HAVE_WCSCASECMP 1
| #define HAVE_WCSNCASECMP 1
| #define HAVE_FWPRINTF 1
| #define HAVE_FUTIMES 1
| #define HAVE_WCWIDTH 1
| #define HAVE_WCSWIDTH 1
| #define HAVE_WCSTOK 1
| #define HAVE_FPUTWC 1
| #define HAVE_FGETWC 1
| #define HAVE_WCSTOL 1
| #define HAVE_LRAND48_R 1
| #define HAVE_KILLPG 1
| #define HAVE_BACKTRACE 1
| #define HAVE_BACKTRACE_SYMBOLS 1
| #define HAVE_SYSCONF 1
| #define HAVE_GETIFADDRS 1
| #define HAVE_REALPATH_NULL 1
| #define HAVE_WINSIZE 1
| /* end confdefs.h.  */
| 
|     #include <unistd.h>
| 
| int
| main ()
| {
| 
|     extern char **__environ;
|     char **tmp = __environ;
|     exit(tmp!=0);
| 
|   ;
|   return 0;
| }
configure:5441: result: no
configure:5446: checking if getopt_long exists and works
configure:5476: g++ -o conftest -g -O2 -I/usr/local/include/ -D_LARGEFILE_SOURCE=1 -D_FILE_OFFSET_BITS=64 -D_GNU_SOURCE=1 -D_ISO99_SOURCE=1    -L/usr/local/lib/ conftest.cpp  >&5
configure:5476: $? = 0
configure:5485: result: yes
configure:5498: checking If del_curterm is broken
configure:5509: result: no
configure:5631: creating ./config.status

## ---------------- ##
## Cache variables. ##
## ---------------- ##

ac_cv_build=i686-pc-linux-gnu
ac_cv_cxx_compiler_gnu=yes
ac_cv_env_CCC_set=
ac_cv_env_CCC_value=
ac_cv_env_CPPFLAGS_set=
ac_cv_env_CPPFLAGS_value=
ac_cv_env_CXXCPP_set=
ac_cv_env_CXXCPP_value=
ac_cv_env_CXXFLAGS_set=
ac_cv_env_CXXFLAGS_value=
ac_cv_env_CXX_set=
ac_cv_env_CXX_value=
ac_cv_env_LDFLAGS_set=
ac_cv_env_LDFLAGS_value=
ac_cv_env_LIBS_set=
ac_cv_env_LIBS_value=
ac_cv_env_build_alias_set=
ac_cv_env_build_alias_value=
ac_cv_env_docdir_set=set
ac_cv_env_docdir_value='${datarootdir}/doc/${PACKAGE_TARNAME}'
ac_cv_env_host_alias_set=
ac_cv_env_host_alias_value=
ac_cv_env_target_alias_set=
ac_cv_env_target_alias_value=
ac_cv_file__proc_self_stat=yes
ac_cv_func_backtrace=yes
ac_cv_func_backtrace_symbols=yes
ac_cv_func_fgetwc=yes
ac_cv_func_fputwc=yes
ac_cv_func_futimes=yes
ac_cv_func_fwprintf=yes
ac_cv_func_getifaddrs=yes
ac_cv_func_killpg=yes
ac_cv_func_lrand48_r=yes
ac_cv_func_sysconf=yes
ac_cv_func_wcscasecmp=yes
ac_cv_func_wcsdup=yes
ac_cv_func_wcslcat=no
ac_cv_func_wcslcpy=no
ac_cv_func_wcslen=yes
ac_cv_func_wcsncasecmp=yes
ac_cv_func_wcsndup=no
ac_cv_func_wcstok=yes
ac_cv_func_wcstol=yes
ac_cv_func_wcswidth=yes
ac_cv_func_wcwidth=yes
ac_cv_header_curses_h=yes
ac_cv_header_execinfo_h=yes
ac_cv_header_getopt_h=yes
ac_cv_header_inttypes_h=yes
ac_cv_header_memory_h=yes
ac_cv_header_ncurses_h=yes
ac_cv_header_ncurses_term_h=no
ac_cv_header_regex_h=yes
ac_cv_header_siginfo_h=no
ac_cv_header_spawn_h=yes
ac_cv_header_stdc=yes
ac_cv_header_stdint_h=yes
ac_cv_header_stdlib_h=yes
ac_cv_header_string_h=yes
ac_cv_header_strings_h=yes
ac_cv_header_stropts_h=yes
ac_cv_header_sys_ioctl_h=yes
ac_cv_header_sys_resource_h=yes
ac_cv_header_sys_select_h=yes
ac_cv_header_sys_stat_h=yes
ac_cv_header_sys_sysctl_h=yes
ac_cv_header_sys_types_h=yes
ac_cv_header_term_h=yes
ac_cv_header_termios_h=yes
ac_cv_header_unistd_h=yes
ac_cv_host=i686-pc-linux-gnu
ac_cv_objext=o
ac_cv_path_EGREP='/bin/grep -E'
ac_cv_path_GREP=/bin/grep
ac_cv_path_install='/usr/bin/install -c'
ac_cv_prog_CXXCPP='g++ -E'
ac_cv_prog_ac_ct_CXX=g++
ac_cv_prog_cxx_g=yes
ac_cv_search_connect='none required'
ac_cv_search_iconv_open='none required'
ac_cv_search_nan='none required'
ac_cv_search_nanosleep='none required'
ac_cv_search_pthread_create=-lpthread
ac_cv_search_setupterm=-lncurses
ac_cv_target=i686-pc-linux-gnu
local_cv_use__posix_c_source=yes

## ----------------- ##
## Output variables. ##
## ----------------- ##

CPPFLAGS=''
CXX='g++'
CXXCPP='g++ -E'
CXXFLAGS='-g -O2 -I/usr/local/include/ -D_LARGEFILE_SOURCE=1 -D_FILE_OFFSET_BITS=64 -D_GNU_SOURCE=1 -D_ISO99_SOURCE=1 '
DEFS='-DHAVE_CONFIG_H'
ECHO_C=''
ECHO_N='-n'
ECHO_T=''
EGREP='/bin/grep -E'
EXEEXT=''
GREP='/bin/grep'
HAVE_DOXYGEN='0'
HAVE_GETTEXT=''
INSTALL_DATA='${INSTALL} -m 644'
INSTALL_PROGRAM='${INSTALL}'
INSTALL_SCRIPT='${INSTALL}'
LDFLAGS=' -L/usr/local/lib/'
LDFLAGS_FISH=''
LIBOBJS=''
LIBS=''
LIBS_FISH='-lncurses -lpthread '
LIBS_FISHD='-lncurses -lpthread '
LIBS_FISH_INDENT='-lncurses -lpthread '
LIBS_FISH_PAGER='-lncurses -lpthread '
LIBS_MIMEDB='-lncurses -lpthread '
LTLIBOBJS=''
OBJEXT='o'
PACKAGE_BUGREPORT='fish-users@lists.sf.net'
PACKAGE_NAME='fish'
PACKAGE_STRING='fish 2.0.GIT'
PACKAGE_TARNAME='fish'
PACKAGE_URL=''
PACKAGE_VERSION='2.0.GIT'
PATH_SEPARATOR=':'
SHELL='/bin/bash'
ac_ct_CXX='g++'
bindir='${exec_prefix}/bin'
build='i686-pc-linux-gnu'
build_alias=''
build_cpu='i686'
build_os='linux-gnu'
build_vendor='pc'
datadir='${datarootdir}'
datarootdir='${prefix}/share'
docdir='${datarootdir}/doc/${PACKAGE_TARNAME}'
dvidir='${docdir}'
exec_prefix='${prefix}'
found_doxygen='no'
found_msgfmt='no '
host='i686-pc-linux-gnu'
host_alias=''
host_cpu='i686'
host_os='linux-gnu'
host_vendor='pc'
htmldir='${docdir}'
includedir='${prefix}/include'
infodir='${datarootdir}/info'
libdir='${exec_prefix}/lib'
libexecdir='${exec_prefix}/libexec'
localedir='${datarootdir}/locale'
localstatedir='${prefix}/var'
mandir='${datarootdir}/man'
oldincludedir='/usr/include'
optbindirs=' /usr/local/bin'
pdfdir='${docdir}'
prefix='/usr/local'
program_transform_name='s,x,x,'
psdir='${docdir}'
sbindir='${exec_prefix}/sbin'
sharedstatedir='${prefix}/com'
sysconfdir='${prefix}/etc'
target='i686-pc-linux-gnu'
target_alias=''
target_cpu='i686'
target_os='linux-gnu'
target_vendor='pc'

## ----------- ##
## confdefs.h. ##
## ----------- ##

/* confdefs.h */
#define PACKAGE_NAME "fish"
#define PACKAGE_TARNAME "fish"
#define PACKAGE_VERSION "2.0.GIT"
#define PACKAGE_STRING "fish 2.0.GIT"
#define PACKAGE_BUGREPORT "fish-users@lists.sf.net"
#define PACKAGE_URL ""
#define HAVE__PROC_SELF_STAT 1
#define HAVE_TRANSLATE_H 1
#define HAVE_NAN 1
#define STDC_HEADERS 1
#define HAVE_SYS_TYPES_H 1
#define HAVE_SYS_STAT_H 1
#define HAVE_STDLIB_H 1
#define HAVE_STRING_H 1
#define HAVE_MEMORY_H 1
#define HAVE_STRINGS_H 1
#define HAVE_INTTYPES_H 1
#define HAVE_STDINT_H 1
#define HAVE_UNISTD_H 1
#define HAVE_GETOPT_H 1
#define HAVE_TERMIOS_H 1
#define HAVE_SYS_RESOURCE_H 1
#define HAVE_TERM_H 1
#define HAVE_NCURSES_H 1
#define HAVE_CURSES_H 1
#define HAVE_STROPTS_H 1
#define HAVE_SYS_SELECT_H 1
#define HAVE_SYS_IOCTL_H 1
#define HAVE_EXECINFO_H 1
#define HAVE_SPAWN_H 1
#define HAVE_SYS_SYSCTL_H 1
#define HAVE_REGEX_H 1
#define HAVE_WCSDUP 1
#define HAVE_WCSLEN 1
#define HAVE_WCSCASECMP 1
#define HAVE_WCSNCASECMP 1
#define HAVE_FWPRINTF 1
#define HAVE_FUTIMES 1
#define HAVE_WCWIDTH 1
#define HAVE_WCSWIDTH 1
#define HAVE_WCSTOK 1
#define HAVE_FPUTWC 1
#define HAVE_FGETWC 1
#define HAVE_WCSTOL 1
#define HAVE_LRAND48_R 1
#define HAVE_KILLPG 1
#define HAVE_BACKTRACE 1
#define HAVE_BACKTRACE_SYMBOLS 1
#define HAVE_SYSCONF 1
#define HAVE_GETIFADDRS 1
#define HAVE_REALPATH_NULL 1
#define HAVE_WINSIZE 1
#define HAVE_WORKING_GETOPT_LONG 1

configure: exit 0
